2026-03-11 12:55:01 [scrapy.middleware] INFO: Enabled downloader middlewares:
['scrapy.downloadermiddlewares.offsite.OffsiteMiddleware',
 'scrapy.downloadermiddlewares.httpauth.HttpAuthMiddleware',
 'scrapy.downloadermiddlewares.downloadtimeout.DownloadTimeoutMiddleware',
 'scrapy.downloadermiddlewares.defaultheaders.DefaultHeadersMiddleware',
 'NodeScrapy.middlewares.RandomUserAgentMiddleware',
 'scrapy.downloadermiddlewares.useragent.UserAgentMiddleware',
 'scrapy.downloadermiddlewares.retry.RetryMiddleware',
 'scrapy.downloadermiddlewares.redirect.MetaRefreshMiddleware',
 'scrapy.downloadermiddlewares.httpcompression.HttpCompressionMiddleware',
 'scrapy.downloadermiddlewares.redirect.RedirectMiddleware',
 'scrapy.downloadermiddlewares.cookies.CookiesMiddleware',
 'scrapy.downloadermiddlewares.httpproxy.HttpProxyMiddleware',
 'scrapy.downloadermiddlewares.stats.DownloaderStats']
2026-03-11 12:55:01 [py.warnings] WARNING: /opt/hostedtoolcache/Python/3.12.12/x64/lib/python3.12/site-packages/scrapy/core/downloader/middleware.py:44: ScrapyDeprecationWarning: RandomUserAgentMiddleware.process_request() requires a spider argument, this is deprecated and the argument will not be passed in future Scrapy versions. If you need to access the spider instance you can save the crawler instance passed to from_crawler() and use its spider attribute.
  self._check_mw_method_spider_arg(mw.process_request)

2026-03-11 12:55:01 [scrapy.middleware] INFO: Enabled spider middlewares:
['scrapy.spidermiddlewares.start.StartSpiderMiddleware',
 'scrapy.spidermiddlewares.httperror.HttpErrorMiddleware',
 'scrapy.spidermiddlewares.referer.RefererMiddleware',
 'scrapy.spidermiddlewares.urllength.UrlLengthMiddleware',
 'scrapy.spidermiddlewares.depth.DepthMiddleware']
2026-03-11 12:55:01 [scrapy.middleware] INFO: Enabled item pipelines:
['NodeScrapy.pipelines.Pipeline', 'NodeScrapy.pipelines.GeoLocPipeline']
2026-03-11 12:55:01 [py.warnings] WARNING: /opt/hostedtoolcache/Python/3.12.12/x64/lib/python3.12/site-packages/scrapy/pipelines/__init__.py:41: ScrapyDeprecationWarning: Pipeline.open_spider() requires a spider argument, this is deprecated and the argument will not be passed in future Scrapy versions. If you need to access the spider instance you can save the crawler instance passed to from_crawler() and use its spider attribute.
  self._check_mw_method_spider_arg(pipe.open_spider)

2026-03-11 12:55:01 [py.warnings] WARNING: /opt/hostedtoolcache/Python/3.12.12/x64/lib/python3.12/site-packages/scrapy/pipelines/__init__.py:44: ScrapyDeprecationWarning: Pipeline.close_spider() requires a spider argument, this is deprecated and the argument will not be passed in future Scrapy versions. If you need to access the spider instance you can save the crawler instance passed to from_crawler() and use its spider attribute.
  self._check_mw_method_spider_arg(pipe.close_spider)

2026-03-11 12:55:01 [py.warnings] WARNING: /opt/hostedtoolcache/Python/3.12.12/x64/lib/python3.12/site-packages/scrapy/pipelines/__init__.py:47: ScrapyDeprecationWarning: Pipeline.process_item() requires a spider argument, this is deprecated and the argument will not be passed in future Scrapy versions. If you need to access the spider instance you can save the crawler instance passed to from_crawler() and use its spider attribute.
  self._check_mw_method_spider_arg(pipe.process_item)

2026-03-11 12:55:01 [py.warnings] WARNING: /opt/hostedtoolcache/Python/3.12.12/x64/lib/python3.12/site-packages/scrapy/pipelines/__init__.py:41: ScrapyDeprecationWarning: GeoLocPipeline.open_spider() requires a spider argument, this is deprecated and the argument will not be passed in future Scrapy versions. If you need to access the spider instance you can save the crawler instance passed to from_crawler() and use its spider attribute.
  self._check_mw_method_spider_arg(pipe.open_spider)

2026-03-11 12:55:01 [py.warnings] WARNING: /opt/hostedtoolcache/Python/3.12.12/x64/lib/python3.12/site-packages/scrapy/pipelines/__init__.py:44: ScrapyDeprecationWarning: GeoLocPipeline.close_spider() requires a spider argument, this is deprecated and the argument will not be passed in future Scrapy versions. If you need to access the spider instance you can save the crawler instance passed to from_crawler() and use its spider attribute.
  self._check_mw_method_spider_arg(pipe.close_spider)

2026-03-11 12:55:01 [py.warnings] WARNING: /opt/hostedtoolcache/Python/3.12.12/x64/lib/python3.12/site-packages/scrapy/pipelines/__init__.py:47: ScrapyDeprecationWarning: GeoLocPipeline.process_item() requires a spider argument, this is deprecated and the argument will not be passed in future Scrapy versions. If you need to access the spider instance you can save the crawler instance passed to from_crawler() and use its spider attribute.
  self._check_mw_method_spider_arg(pipe.process_item)

2026-03-11 12:55:01 [scrapy.core.engine] INFO: Spider opened
2026-03-11 12:55:01 [py.warnings] WARNING: /opt/hostedtoolcache/Python/3.12.12/x64/lib/python3.12/site-packages/scrapy/core/spidermw.py:490: ScrapyDeprecationWarning: NodeScrapy.spiders.SimpleSpider.SimpleSpider defines the deprecated start_requests() method. start_requests() has been deprecated in favor of a new method, start(), to support asynchronous code execution. start_requests() will stop being called in a future version of Scrapy. If you use Scrapy 2.13 or higher only, replace start_requests() with start(); note that start() is a coroutine (async def). If you need to maintain compatibility with lower Scrapy versions, when overriding start_requests() in a spider class, override start() as well; you can use super() to reuse the inherited start() implementation without copy-pasting. See the release notes of Scrapy 2.13 for details: https://docs.scrapy.org/en/2.13/news.html
  warn(

2026-03-11 12:55:01 [scrapy.extensions.logstats] INFO: Crawled 0 pages (at 0 pages/min), scraped 0 items (at 0 items/min)
2026-03-11 12:55:01 [scrapy.extensions.telnet] INFO: Telnet console listening on 127.0.0.1:6023
2026-03-11 12:55:01 [simple] INFO: clashmeta start
2026-03-11 12:55:01 [simple] INFO: ndnode start
2026-03-11 12:55:01 [simple] INFO: nodev2ray start
2026-03-11 12:55:01 [simple] INFO: nodefree start
2026-03-11 12:55:01 [simple] INFO: v2rayshare start
2026-03-11 12:55:01 [simple] INFO: wenode start
2026-03-11 12:55:01 [simple] INFO: clashmeta found /free-nodes/2026-3-11-free-clash-meta-node.htm on 2026-03-11
2026-03-11 12:55:01 [simple] INFO: clashmeta found /free-nodes/2026-3-11-free-clash-meta-node.htm on 2026-03-11
2026-03-11 12:55:01 [simple] INFO: clashmeta found /free-nodes/2026-3-10-free-high-speed-nodes.htm on 2026-03-10
2026-03-11 12:55:01 [simple] INFO: clashmeta found /free-nodes/2026-3-10-free-high-speed-nodes.htm on 2026-03-10
2026-03-11 12:55:01 [simple] INFO: clashmeta found /free-nodes/2026-3-9-free-clash-meta-node.htm on 2026-03-09
2026-03-11 12:55:01 [simple] INFO: clashmeta found /free-nodes/2026-3-9-free-clash-meta-node.htm on 2026-03-09
2026-03-11 12:55:01 [simple] INFO: clashmeta found /free-nodes/2026-3-8-clash-meta-github.htm on 2026-03-08
2026-03-11 12:55:01 [simple] INFO: clashmeta found /free-nodes/2026-3-8-clash-meta-github.htm on 2026-03-08
2026-03-11 12:55:01 [simple] INFO: clashmeta found /free-nodes/2026-3-7-clash-meta-node.htm on 2026-03-07
2026-03-11 12:55:01 [simple] INFO: clashmeta found /free-nodes/2026-3-7-clash-meta-node.htm on 2026-03-07
2026-03-11 12:55:01 [simple] INFO: clashmeta found /free-nodes/2026-3-6-clash-meta-github.htm on 2026-03-06
2026-03-11 12:55:01 [simple] INFO: clashmeta found /free-nodes/2026-3-6-clash-meta-github.htm on 2026-03-06
2026-03-11 12:55:01 [simple] INFO: clashmeta found /free-nodes/2026-3-5-latest-clash-meta-node.htm on 2026-03-05
2026-03-11 12:55:01 [simple] INFO: clashmeta found /free-nodes/2026-3-5-latest-clash-meta-node.htm on 2026-03-05
2026-03-11 12:55:01 [simple] INFO: clashmeta found /free-nodes/2026-3-4-clash-meta-node-share.htm on 2026-03-04
2026-03-11 12:55:01 [simple] INFO: clashmeta found /free-nodes/2026-3-4-clash-meta-node-share.htm on 2026-03-04
2026-03-11 12:55:01 [simple] INFO: clashmeta found /free-nodes/2026-3-3-clash-meta-windows.htm on 2026-03-03
2026-03-11 12:55:01 [simple] INFO: clashmeta found /free-nodes/2026-3-3-clash-meta-windows.htm on 2026-03-03
2026-03-11 12:55:01 [simple] INFO: clashmeta found /free-nodes/2026-3-2-clash-meta-node-github.htm on 2026-03-02
2026-03-11 12:55:01 [simple] INFO: clashmeta found /free-nodes/2026-3-2-clash-meta-node-github.htm on 2026-03-02
2026-03-11 12:55:01 [simple] INFO: clashmeta needs update, accessing https://clash-meta.github.io/free-nodes/2026-3-11-free-clash-meta-node.htm
2026-03-11 12:55:01 [simple] INFO: clashmeta needs update, accessing https://clash-meta.github.io/free-nodes/2026-3-11-free-clash-meta-node.htm
2026-03-11 12:55:01 [simple] INFO: clashmeta needs update, accessing https://clash-meta.github.io/free-nodes/2026-3-10-free-high-speed-nodes.htm
2026-03-11 12:55:01 [simple] INFO: v2rayshare found https://v2rayshare.net/p/5253.html on 2026-03-11
2026-03-11 12:55:01 [simple] INFO: v2rayshare found https://v2rayshare.net/p/5254.html on 2026-03-10
2026-03-11 12:55:01 [simple] INFO: v2rayshare found https://v2rayshare.net/p/5255.html on 2026-03-09
2026-03-11 12:55:01 [simple] INFO: v2rayshare found https://v2rayshare.net/p/5256.html on 2026-03-08
2026-03-11 12:55:01 [simple] INFO: v2rayshare found https://v2rayshare.net/p/5257.html on 2026-03-07
2026-03-11 12:55:01 [simple] INFO: v2rayshare found https://v2rayshare.net/p/5258.html on 2026-03-06
2026-03-11 12:55:01 [simple] INFO: v2rayshare found https://v2rayshare.net/p/5259.html on 2026-03-05
2026-03-11 12:55:01 [simple] INFO: v2rayshare found https://v2rayshare.net/p/5260.html on 2026-03-04
2026-03-11 12:55:01 [simple] INFO: v2rayshare found https://v2rayshare.net/p/5261.html on 2026-03-03
2026-03-11 12:55:01 [simple] INFO: v2rayshare found https://v2rayshare.net/p/5262.html on 2026-03-02
2026-03-11 12:55:01 [simple] INFO: v2rayshare needs update, accessing https://v2rayshare.net/p/5253.html
2026-03-11 12:55:01 [simple] INFO: v2rayshare needs update, accessing https://v2rayshare.net/p/5254.html
2026-03-11 12:55:01 [simple] INFO: v2rayshare needs update, accessing https://v2rayshare.net/p/5255.html
2026-03-11 12:55:01 [scrapy.spidermiddlewares.httperror] INFO: Ignoring response <403 https://nodefree.org>: HTTP status code is not handled or not allowed
2026-03-11 12:55:01 [scrapy.spidermiddlewares.httperror] INFO: Ignoring response <403 https://wenode.cc/freenode/>: HTTP status code is not handled or not allowed
2026-03-11 12:55:02 [simple] INFO: nodev2ray found /free-node/2026-3-11-free-subscribe-node.htm on 2026-03-11
2026-03-11 12:55:02 [simple] INFO: nodev2ray found /free-node/2026-3-10-free-node-subscribe-links.htm on 2026-03-10
2026-03-11 12:55:02 [simple] INFO: nodev2ray found /free-node/2026-3-9-v2ray-windows.htm on 2026-03-09
2026-03-11 12:55:02 [simple] INFO: nodev2ray found /free-node/2026-3-8-v2ray-node.htm on 2026-03-08
2026-03-11 12:55:02 [simple] INFO: nodev2ray found /free-node/2026-3-7-v2ray-node-daily-updates.htm on 2026-03-07
2026-03-11 12:55:02 [simple] INFO: nodev2ray found /free-node/2026-3-6-free-v2ray-subscribe.htm on 2026-03-06
2026-03-11 12:55:02 [simple] INFO: nodev2ray found /free-node/2026-3-5-free-clash.htm on 2026-03-05
2026-03-11 12:55:02 [simple] INFO: nodev2ray found /free-node/2026-3-4-free-v2ray-subscribe.htm on 2026-03-04
2026-03-11 12:55:02 [simple] INFO: nodev2ray found /free-node/2026-3-3-free-subscribe-node.htm on 2026-03-03
2026-03-11 12:55:02 [simple] INFO: nodev2ray found /free-node/2026-3-2-free-ssr-subscribe.htm on 2026-03-02
2026-03-11 12:55:02 [simple] INFO: nodev2ray is up to date, exiting
2026-03-11 12:55:02 [simple] INFO: nodev2ray is up to date, exiting
2026-03-11 12:55:02 [simple] INFO: nodev2ray is up to date, exiting
2026-03-11 12:55:02 [simple] INFO: ndnode found https://www.naidounode.com/n/3609.html on 2026-03-11
2026-03-11 12:55:02 [simple] INFO: ndnode found https://www.naidounode.com/n/3608.html on 2026-03-10
2026-03-11 12:55:02 [simple] INFO: ndnode found https://www.naidounode.com/n/3606.html on 2026-03-09
2026-03-11 12:55:02 [simple] INFO: ndnode found https://www.naidounode.com/n/3604.html on 2026-03-08
2026-03-11 12:55:02 [simple] INFO: ndnode found https://www.naidounode.com/n/3602.html on 2026-03-07
2026-03-11 12:55:02 [simple] INFO: ndnode found https://www.naidounode.com/n/3600.html on 2026-03-06
2026-03-11 12:55:02 [simple] INFO: ndnode found https://www.naidounode.com/n/3598.html on 2026-03-05
2026-03-11 12:55:02 [simple] INFO: ndnode found https://www.naidounode.com/n/3596.html on 2026-03-04
2026-03-11 12:55:02 [simple] INFO: ndnode found https://www.naidounode.com/n/3594.html on 2026-03-03
2026-03-11 12:55:02 [simple] INFO: ndnode found https://www.naidounode.com/n/3592.html on 2026-03-02
2026-03-11 12:55:02 [simple] INFO: ndnode is up to date, exiting
2026-03-11 12:55:02 [simple] INFO: ndnode is up to date, exiting
2026-03-11 12:55:02 [simple] INFO: ndnode is up to date, exiting
2026-03-11 12:55:02 [scrapy.core.engine] INFO: Closing spider (finished)
2026-03-11 12:55:02 [scrapy.statscollectors] INFO: Dumping Scrapy stats:
{'downloader/request_bytes': 4180,
 'downloader/request_count': 12,
 'downloader/request_method_count/GET': 12,
 'downloader/response_bytes': 114893,
 'downloader/response_count': 12,
 'downloader/response_status_count/200': 9,
 'downloader/response_status_count/301': 1,
 'downloader/response_status_count/403': 2,
 'dupefilter/filtered': 1,
 'elapsed_time_seconds': 0.776426,
 'finish_reason': 'finished',
 'finish_time': datetime.datetime(2026, 3, 11, 12, 55, 2, 59381, tzinfo=datetime.timezone.utc),
 'httpcompression/response_bytes': 521463,
 'httpcompression/response_count': 11,
 'httperror/response_ignored_count': 2,
 'httperror/response_ignored_status_count/403': 2,
 'items_per_minute': None,
 'log_count/INFO': 73,
 'memusage/max': 178995200,
 'memusage/startup': 178995200,
 'request_depth_max': 1,
 'response_received_count': 11,
 'responses_per_minute': None,
 'scheduler/dequeued': 12,
 'scheduler/dequeued/memory': 12,
 'scheduler/enqueued': 12,
 'scheduler/enqueued/memory': 12,
 'start_time': datetime.datetime(2026, 3, 11, 12, 55, 1, 282955, tzinfo=datetime.timezone.utc)}
2026-03-11 12:55:02 [scrapy.core.engine] INFO: Spider closed (finished)
2026-03-11 12:55:12 [scrapy.addons] INFO: Enabled addons:
[]
2026-03-11 12:55:12 [scrapy.extensions.telnet] INFO: Telnet Password: f991b0395fddcff4
2026-03-11 12:55:12 [scrapy.middleware] INFO: Enabled extensions:
['scrapy.extensions.corestats.CoreStats',
 'scrapy.extensions.logcount.LogCount',
 'scrapy.extensions.telnet.TelnetConsole',
 'scrapy.extensions.memusage.MemoryUsage',
 'scrapy.extensions.logstats.LogStats']
2026-03-11 12:55:12 [scrapy.crawler] INFO: Overridden settings:
{'BOT_NAME': 'NodeScrapy',
 'FEED_EXPORT_ENCODING': 'utf-8',
 'LOG_FILE': 'scrapy.log',
 'LOG_LEVEL': 'INFO',
 'NEWSPIDER_MODULE': 'NodeScrapy.spiders',
 'SPIDER_MODULES': ['NodeScrapy.spiders']}
2026-03-11 12:55:12 [scrapy.middleware] INFO: Enabled downloader middlewares:
['scrapy.downloadermiddlewares.offsite.OffsiteMiddleware',
 'scrapy.downloadermiddlewares.httpauth.HttpAuthMiddleware',
 'scrapy.downloadermiddlewares.downloadtimeout.DownloadTimeoutMiddleware',
 'scrapy.downloadermiddlewares.defaultheaders.DefaultHeadersMiddleware',
 'NodeScrapy.middlewares.RandomUserAgentMiddleware',
 'scrapy.downloadermiddlewares.useragent.UserAgentMiddleware',
 'scrapy.downloadermiddlewares.retry.RetryMiddleware',
 'scrapy.downloadermiddlewares.redirect.MetaRefreshMiddleware',
 'scrapy.downloadermiddlewares.httpcompression.HttpCompressionMiddleware',
 'scrapy.downloadermiddlewares.redirect.RedirectMiddleware',
 'scrapy.downloadermiddlewares.cookies.CookiesMiddleware',
 'scrapy.downloadermiddlewares.httpproxy.HttpProxyMiddleware',
 'scrapy.downloadermiddlewares.stats.DownloaderStats']
2026-03-11 12:55:12 [py.warnings] WARNING: /opt/hostedtoolcache/Python/3.12.12/x64/lib/python3.12/site-packages/scrapy/core/downloader/middleware.py:44: ScrapyDeprecationWarning: RandomUserAgentMiddleware.process_request() requires a spider argument, this is deprecated and the argument will not be passed in future Scrapy versions. If you need to access the spider instance you can save the crawler instance passed to from_crawler() and use its spider attribute.
  self._check_mw_method_spider_arg(mw.process_request)

2026-03-11 12:55:12 [scrapy.middleware] INFO: Enabled spider middlewares:
['scrapy.spidermiddlewares.start.StartSpiderMiddleware',
 'scrapy.spidermiddlewares.httperror.HttpErrorMiddleware',
 'scrapy.spidermiddlewares.referer.RefererMiddleware',
 'scrapy.spidermiddlewares.urllength.UrlLengthMiddleware',
 'scrapy.spidermiddlewares.depth.DepthMiddleware']
2026-03-11 12:55:12 [scrapy.middleware] INFO: Enabled item pipelines:
['NodeScrapy.pipelines.Pipeline', 'NodeScrapy.pipelines.GeoLocPipeline']
2026-03-11 12:55:12 [py.warnings] WARNING: /opt/hostedtoolcache/Python/3.12.12/x64/lib/python3.12/site-packages/scrapy/pipelines/__init__.py:41: ScrapyDeprecationWarning: Pipeline.open_spider() requires a spider argument, this is deprecated and the argument will not be passed in future Scrapy versions. If you need to access the spider instance you can save the crawler instance passed to from_crawler() and use its spider attribute.
  self._check_mw_method_spider_arg(pipe.open_spider)

2026-03-11 12:55:12 [py.warnings] WARNING: /opt/hostedtoolcache/Python/3.12.12/x64/lib/python3.12/site-packages/scrapy/pipelines/__init__.py:44: ScrapyDeprecationWarning: Pipeline.close_spider() requires a spider argument, this is deprecated and the argument will not be passed in future Scrapy versions. If you need to access the spider instance you can save the crawler instance passed to from_crawler() and use its spider attribute.
  self._check_mw_method_spider_arg(pipe.close_spider)

2026-03-11 12:55:12 [py.warnings] WARNING: /opt/hostedtoolcache/Python/3.12.12/x64/lib/python3.12/site-packages/scrapy/pipelines/__init__.py:47: ScrapyDeprecationWarning: Pipeline.process_item() requires a spider argument, this is deprecated and the argument will not be passed in future Scrapy versions. If you need to access the spider instance you can save the crawler instance passed to from_crawler() and use its spider attribute.
  self._check_mw_method_spider_arg(pipe.process_item)

2026-03-11 12:55:12 [py.warnings] WARNING: /opt/hostedtoolcache/Python/3.12.12/x64/lib/python3.12/site-packages/scrapy/pipelines/__init__.py:41: ScrapyDeprecationWarning: GeoLocPipeline.open_spider() requires a spider argument, this is deprecated and the argument will not be passed in future Scrapy versions. If you need to access the spider instance you can save the crawler instance passed to from_crawler() and use its spider attribute.
  self._check_mw_method_spider_arg(pipe.open_spider)

2026-03-11 12:55:12 [py.warnings] WARNING: /opt/hostedtoolcache/Python/3.12.12/x64/lib/python3.12/site-packages/scrapy/pipelines/__init__.py:44: ScrapyDeprecationWarning: GeoLocPipeline.close_spider() requires a spider argument, this is deprecated and the argument will not be passed in future Scrapy versions. If you need to access the spider instance you can save the crawler instance passed to from_crawler() and use its spider attribute.
  self._check_mw_method_spider_arg(pipe.close_spider)

2026-03-11 12:55:12 [py.warnings] WARNING: /opt/hostedtoolcache/Python/3.12.12/x64/lib/python3.12/site-packages/scrapy/pipelines/__init__.py:47: ScrapyDeprecationWarning: GeoLocPipeline.process_item() requires a spider argument, this is deprecated and the argument will not be passed in future Scrapy versions. If you need to access the spider instance you can save the crawler instance passed to from_crawler() and use its spider attribute.
  self._check_mw_method_spider_arg(pipe.process_item)

2026-03-11 12:55:12 [scrapy.core.engine] INFO: Spider opened
2026-03-11 12:55:12 [py.warnings] WARNING: /opt/hostedtoolcache/Python/3.12.12/x64/lib/python3.12/site-packages/scrapy/core/spidermw.py:490: ScrapyDeprecationWarning: NodeScrapy.spiders.SimpleSpider.SimpleSpider (inherited by NodeScrapy.spiders.DecryptSpider.DecryptSpider) defines the deprecated start_requests() method. start_requests() has been deprecated in favor of a new method, start(), to support asynchronous code execution. start_requests() will stop being called in a future version of Scrapy. If you use Scrapy 2.13 or higher only, replace start_requests() with start(); note that start() is a coroutine (async def). If you need to maintain compatibility with lower Scrapy versions, when overriding start_requests() in a spider class, override start() as well; you can use super() to reuse the inherited start() implementation without copy-pasting. See the release notes of Scrapy 2.13 for details: https://docs.scrapy.org/en/2.13/news.html
  warn(

2026-03-11 12:55:12 [scrapy.extensions.logstats] INFO: Crawled 0 pages (at 0 pages/min), scraped 0 items (at 0 items/min)
2026-03-11 12:55:12 [scrapy.extensions.telnet] INFO: Telnet console listening on 127.0.0.1:6023
2026-03-11 12:55:12 [decrypt] INFO: yudou66 start
2026-03-11 12:55:12 [decrypt] INFO: blues start
2026-03-11 12:55:13 [scrapy.downloadermiddlewares.retry] ERROR: Gave up retrying <GET https://www.google.com/sorry/index?continue=https://blues2022.blogspot.com/&q=EgSst4RHGLDMxc0GIi2VRFiC7_sDvEYiOv6kVnKdDcryAqVqTUIQYBe91X0z6r-CwJq8txagPv-A4pkyAnJSWgFD> (failed 3 times): 429 Unknown Status
2026-03-11 12:55:13 [scrapy.spidermiddlewares.httperror] INFO: Ignoring response <429 https://www.google.com/sorry/index?continue=https://blues2022.blogspot.com/&q=EgSst4RHGLDMxc0GIi2VRFiC7_sDvEYiOv6kVnKdDcryAqVqTUIQYBe91X0z6r-CwJq8txagPv-A4pkyAnJSWgFD>: HTTP status code is not handled or not allowed
2026-03-11 12:55:14 [scrapy.downloadermiddlewares.retry] ERROR: Gave up retrying <GET https://www.yudou6677.top/> (failed 3 times): DNS lookup failed: no results for hostname lookup: www.yudou6677.top.
2026-03-11 12:55:14 [scrapy.core.scraper] ERROR: Error downloading <GET https://www.yudou6677.top/>
Traceback (most recent call last):
  File "/opt/hostedtoolcache/Python/3.12.12/x64/lib/python3.12/site-packages/twisted/internet/defer.py", line 1853, in _inlineCallbacks
    result = context.run(
             ^^^^^^^^^^^^
  File "/opt/hostedtoolcache/Python/3.12.12/x64/lib/python3.12/site-packages/twisted/python/failure.py", line 467, in throwExceptionIntoGenerator
    return g.throw(self.value.with_traceback(self.tb))
           ^^^^^^^^^^^^^^^^^^^^^^^^^^^^^^^^^^^^^^^^^^^
  File "/opt/hostedtoolcache/Python/3.12.12/x64/lib/python3.12/site-packages/scrapy/core/engine.py", line 490, in _download
    result = yield self.downloader.fetch(request)
             ^^^^^^^^^^^^^^^^^^^^^^^^^^^^^^^^^^^^
  File "/opt/hostedtoolcache/Python/3.12.12/x64/lib/python3.12/site-packages/twisted/internet/defer.py", line 1853, in _inlineCallbacks
    result = context.run(
             ^^^^^^^^^^^^
  File "/opt/hostedtoolcache/Python/3.12.12/x64/lib/python3.12/site-packages/twisted/python/failure.py", line 467, in throwExceptionIntoGenerator
    return g.throw(self.value.with_traceback(self.tb))
           ^^^^^^^^^^^^^^^^^^^^^^^^^^^^^^^^^^^^^^^^^^^
  File "/opt/hostedtoolcache/Python/3.12.12/x64/lib/python3.12/site-packages/scrapy/core/downloader/__init__.py", line 144, in fetch
    yield deferred_from_coro(
  File "/opt/hostedtoolcache/Python/3.12.12/x64/lib/python3.12/site-packages/twisted/internet/defer.py", line 1257, in adapt
    extracted: _SelfResultT | Failure = result.result()
                                        ^^^^^^^^^^^^^^^
  File "/opt/hostedtoolcache/Python/3.12.12/x64/lib/python3.12/site-packages/scrapy/core/downloader/middleware.py", line 158, in download_async
    result = await process_exception(ex)
             ^^^^^^^^^^^^^^^^^^^^^^^^^^^
  File "/opt/hostedtoolcache/Python/3.12.12/x64/lib/python3.12/site-packages/scrapy/core/downloader/middleware.py", line 150, in process_exception
    raise exception
  File "/opt/hostedtoolcache/Python/3.12.12/x64/lib/python3.12/site-packages/scrapy/core/downloader/middleware.py", line 153, in download_async
    result: Response | Request = await process_request(request)
                                 ^^^^^^^^^^^^^^^^^^^^^^^^^^^^^^
  File "/opt/hostedtoolcache/Python/3.12.12/x64/lib/python3.12/site-packages/scrapy/core/downloader/middleware.py", line 97, in process_request
    return await download_func(request)
           ^^^^^^^^^^^^^^^^^^^^^^^^^^^^
  File "/opt/hostedtoolcache/Python/3.12.12/x64/lib/python3.12/site-packages/scrapy/core/downloader/__init__.py", line 202, in _enqueue_request
    return await maybe_deferred_to_future(d)  # fired in _wait_for_download()
           ^^^^^^^^^^^^^^^^^^^^^^^^^^^^^^^^^
  File "/opt/hostedtoolcache/Python/3.12.12/x64/lib/python3.12/site-packages/scrapy/core/downloader/__init__.py", line 269, in _wait_for_download
    response = await self._download(slot, request)
               ^^^^^^^^^^^^^^^^^^^^^^^^^^^^^^^^^^^
  File "/opt/hostedtoolcache/Python/3.12.12/x64/lib/python3.12/site-packages/scrapy/core/downloader/__init__.py", line 239, in _download
    response: Response = await self.handlers.download_request_async(request)
                         ^^^^^^^^^^^^^^^^^^^^^^^^^^^^^^^^^^^^^^^^^^^^^^^^^^^
  File "/opt/hostedtoolcache/Python/3.12.12/x64/lib/python3.12/site-packages/scrapy/core/downloader/handlers/__init__.py", line 156, in download_request_async
    return await handler.download_request(request)
           ^^^^^^^^^^^^^^^^^^^^^^^^^^^^^^^^^^^^^^^
  File "/opt/hostedtoolcache/Python/3.12.12/x64/lib/python3.12/site-packages/scrapy/core/downloader/handlers/http11.py", line 113, in download_request
    return await maybe_deferred_to_future(agent.download_request(request))
           ^^^^^^^^^^^^^^^^^^^^^^^^^^^^^^^^^^^^^^^^^^^^^^^^^^^^^^^^^^^^^^^
  File "/opt/hostedtoolcache/Python/3.12.12/x64/lib/python3.12/site-packages/twisted/internet/defer.py", line 1092, in _runCallbacks
    current.result = callback(  # type: ignore[misc]
                     ^^^^^^^^^^^^^^^^^^^^^^^^^^^^^^^
  File "/opt/hostedtoolcache/Python/3.12.12/x64/lib/python3.12/site-packages/twisted/internet/endpoints.py", line 1091, in startConnectionAttempts
    raise error.DNSLookupError(
twisted.internet.error.DNSLookupError: DNS lookup failed: no results for hostname lookup: www.yudou6677.top.
2026-03-11 12:55:14 [scrapy.core.engine] INFO: Closing spider (finished)
2026-03-11 12:55:14 [scrapy.statscollectors] INFO: Dumping Scrapy stats:
{'downloader/exception_count': 3,
 'downloader/exception_type_count/twisted.internet.error.DNSLookupError': 3,
 'downloader/request_bytes': 2693,
 'downloader/request_count': 7,
 'downloader/request_method_count/GET': 7,
 'downloader/response_bytes': 11389,
 'downloader/response_count': 4,
 'downloader/response_status_count/302': 1,
 'downloader/response_status_count/429': 3,
 'elapsed_time_seconds': 1.443588,
 'finish_reason': 'finished',
 'finish_time': datetime.datetime(2026, 3, 11, 12, 55, 14, 315749, tzinfo=datetime.timezone.utc),
 'httperror/response_ignored_count': 1,
 'httperror/response_ignored_status_count/429': 1,
 'items_per_minute': 0.0,
 'log_count/ERROR': 3,
 'log_count/INFO': 6,
 'memusage/max': 180604928,
 'memusage/startup': 180604928,
 'response_received_count': 1,
 'responses_per_minute': 60.0,
 'retry/count': 4,
 'retry/max_reached': 2,
 'retry/reason_count/429 Unknown Status': 2,
 'retry/reason_count/twisted.internet.error.DNSLookupError': 2,
 'scheduler/dequeued': 7,
 'scheduler/dequeued/memory': 7,
 'scheduler/enqueued': 7,
 'scheduler/enqueued/memory': 7,
 'start_time': datetime.datetime(2026, 3, 11, 12, 55, 12, 872161, tzinfo=datetime.timezone.utc)}
2026-03-11 12:55:14 [scrapy.core.engine] INFO: Spider closed (finished)
